#
# A fatal error has been detected by the Java Runtime Environment:
#
#  Internal Error (javaCalls.cpp:51), pid=12580, tid=0x0000000000002804
#  guarantee(thread->is_Java_thread()) failed: crucial check - the VM thread cannot and must not escape to Java code
#
# JRE version: Java(TM) SE Runtime Environment (8.0_181-b13) (build 1.8.0_181-b13)
# Java VM: Java HotSpot(TM) 64-Bit Server VM (25.181-b13 mixed mode windows-amd64 compressed oops)
# Failed to write core dump. Minidumps are not enabled by default on client versions of Windows
#
# If you would like to submit a bug report, please visit:
#   http://bugreport.java.com/bugreport/crash.jsp
#

---------------  T H R E A D  ---------------

Current thread (0x0000000017787800):  VMThread [stack: 0x0000000018820000,0x0000000018920000] [id=10244]

Stack: [0x0000000018820000,0x0000000018920000]
[error occurred during error reporting (printing stack bounds), id 0xc0000005]

Native frames: (J=compiled Java code, j=interpreted, Vv=VM code, C=native code)

VM_Operation (0x000000001921f300): GetOrSetLocal, mode: safepoint, requested by thread 0x00000000177ec800


---------------  P R O C E S S  ---------------

Java Threads: ( => current thread )
  0x00000000197f3800 JavaThread "Service Thread" daemon [_thread_blocked, id=5856, stack(0x0000000019f20000,0x000000001a020000)]
  0x0000000018eeb800 JavaThread "C1 CompilerThread2" daemon [_thread_blocked, id=5772, stack(0x0000000019620000,0x0000000019720000)]
  0x0000000018ee6800 JavaThread "C2 CompilerThread1" daemon [_thread_blocked, id=1812, stack(0x0000000019520000,0x0000000019620000)]
  0x0000000018ee1000 JavaThread "C2 CompilerThread0" daemon [_thread_blocked, id=13776, stack(0x0000000019420000,0x0000000019520000)]
  0x000000001780b000 JavaThread "JDWP Command Reader" daemon [_thread_in_native, id=19684, stack(0x0000000019320000,0x0000000019420000)]
  0x00000000177fa800 JavaThread "JDWP Event Helper Thread" daemon [_thread_blocked, id=16324, stack(0x0000000019220000,0x0000000019320000)]
  0x00000000177ec800 JavaThread "JDWP Transport Listener: dt_socket" daemon [_thread_blocked, id=10612, stack(0x0000000019120000,0x0000000019220000)]
  0x0000000018b62800 JavaThread "Attach Listener" daemon [_thread_blocked, id=15356, stack(0x0000000019020000,0x0000000019120000)]
  0x00000000177d6800 JavaThread "Signal Dispatcher" daemon [_thread_blocked, id=14972, stack(0x0000000018f20000,0x0000000019020000)]
  0x00000000177b0000 JavaThread "Finalizer" daemon [_thread_blocked, id=18780, stack(0x0000000018a20000,0x0000000018b20000)]
  0x0000000002c37000 JavaThread "Reference Handler" daemon [_thread_blocked, id=18340, stack(0x0000000018920000,0x0000000018a20000)]
  0x0000000002b47800 JavaThread "main" [_thread_blocked, id=14300, stack(0x00000000028a0000,0x00000000029a0000)]

Other Threads:
=>0x0000000017787800 VMThread [stack: 0x0000000018820000,0x0000000018920000] [id=10244]
  0x0000000019825000 WatcherThread [stack: 0x000000001a020000,0x000000001a120000] [id=13736]

VM state:at safepoint (normal execution)

VM Mutex/Monitor currently owned by a thread:  ([mutex/lock_event])
[0x0000000002b44b30] Threads_lock - owner thread: 0x0000000017787800

Heap:
 PSYoungGen      total 38400K, used 34022K [0x00000000d5b80000, 0x00000000d8600000, 0x0000000100000000)
  eden space 33280K, 87% used [0x00000000d5b80000,0x00000000d77f74d8,0x00000000d7c00000)
  from space 5120K, 95% used [0x00000000d7c00000,0x00000000d80c2340,0x00000000d8100000)
  to   space 5120K, 0% used [0x00000000d8100000,0x00000000d8100000,0x00000000d8600000)
 ParOldGen       total 87552K, used 8K [0x0000000081200000, 0x0000000086780000, 0x00000000d5b80000)
  object space 87552K, 0% used [0x0000000081200000,0x0000000081202000,0x0000000086780000)
 Metaspace       used 13117K, capacity 13452K, committed 13696K, reserved 1060864K
  class space    used 1458K, capacity 1556K, committed 1664K, reserved 1048576K

Card table byte_map: [0x0000000012000000,0x0000000012400000] byte_map_base: 0x0000000011bf7000

Marking Bits: (ParMarkBitMap*) 0x00000000514e2d00
 Begin Bits: [0x0000000012ab0000, 0x0000000014a68000)
 End Bits:   [0x0000000014a68000, 0x0000000016a20000)

Polling page: 0x0000000000bb0000

CodeCache: size=245760Kb used=5303Kb max_used=5335Kb free=240456Kb
 bounds [0x0000000002c40000, 0x0000000003180000, 0x0000000011c40000]
 total_blobs=1647 nmethods=1098 adapters=469
 compilation: enabled

Compilation events (10 events):
Event: 1.361 Thread 0x0000000018eeb800 nmethod 1095 0x0000000003165c10 code [0x0000000003165e40, 0x0000000003166d68]
Event: 1.361 Thread 0x0000000018eeb800 1096       1       sun.reflect.generics.reflectiveObjects.ParameterizedTypeImpl::getRawType (5 bytes)
Event: 1.361 Thread 0x0000000018eeb800 nmethod 1096 0x0000000003156210 code [0x0000000003156360, 0x0000000003156470]
Event: 1.361 Thread 0x0000000018eeb800 1100       1       java.util.Spliterators$ArraySpliterator::characteristics (5 bytes)
Event: 1.361 Thread 0x0000000018eeb800 nmethod 1100 0x0000000003155f50 code [0x00000000031560a0, 0x00000000031561b0]
Event: 1.362 Thread 0x0000000018eeb800 1098       1       sun.reflect.generics.tree.SimpleClassTypeSignature::getTypeArguments (5 bytes)
Event: 1.362 Thread 0x0000000018eeb800 nmethod 1098 0x0000000003155c90 code [0x0000000003155de0, 0x0000000003155ef0]
Event: 1.362 Thread 0x0000000018eeb800 1099       1       java.util.LinkedList::size (5 bytes)
Event: 1.362 Thread 0x0000000018eeb800 nmethod 1099 0x00000000031559d0 code [0x0000000003155b20, 0x0000000003155c30]
Event: 1.454 Thread 0x0000000018ee6800 nmethod 1056 0x000000000316ded0 code [0x000000000316e3a0, 0x0000000003173640]

GC Heap History (2 events):
Event: 0.954 GC heap before
{Heap before GC invocations=1 (full 0):
 PSYoungGen      total 38400K, used 33280K [0x00000000d5b80000, 0x00000000d8600000, 0x0000000100000000)
  eden space 33280K, 100% used [0x00000000d5b80000,0x00000000d7c00000,0x00000000d7c00000)
  from space 5120K, 0% used [0x00000000d8100000,0x00000000d8100000,0x00000000d8600000)
  to   space 5120K, 0% used [0x00000000d7c00000,0x00000000d7c00000,0x00000000d8100000)
 ParOldGen       total 87552K, used 0K [0x0000000081200000, 0x0000000086780000, 0x00000000d5b80000)
  object space 87552K, 0% used [0x0000000081200000,0x0000000081200000,0x0000000086780000)
 Metaspace       used 9126K, capacity 9456K, committed 9600K, reserved 1058816K
  class space    used 1015K, capacity 1125K, committed 1152K, reserved 1048576K
Event: 0.960 GC heap after
Heap after GC invocations=1 (full 0):
 PSYoungGen      total 38400K, used 4872K [0x00000000d5b80000, 0x00000000d8600000, 0x0000000100000000)
  eden space 33280K, 0% used [0x00000000d5b80000,0x00000000d5b80000,0x00000000d7c00000)
  from space 5120K, 95% used [0x00000000d7c00000,0x00000000d80c2340,0x00000000d8100000)
  to   space 5120K, 0% used [0x00000000d8100000,0x00000000d8100000,0x00000000d8600000)
 ParOldGen       total 87552K, used 8K [0x0000000081200000, 0x0000000086780000, 0x00000000d5b80000)
  object space 87552K, 0% used [0x0000000081200000,0x0000000081202000,0x0000000086780000)
 Metaspace       used 9126K, capacity 9456K, committed 9600K, reserved 1058816K
  class space    used 1015K, capacity 1125K, committed 1152K, reserved 1048576K
}

Deoptimization events (2 events):
Event: 0.523 Thread 0x0000000002b47800 Uncommon trap: reason=unstable_if action=reinterpret pc=0x0000000002e0fe00 method=java.util.HashMap.getNode(ILjava/lang/Object;)Ljava/util/HashMap$Node; @ 129
Event: 1.355 Thread 0x0000000002b47800 Uncommon trap: reason=range_check action=make_not_entrant pc=0x0000000003154c0c method=sun.reflect.generics.parser.SignatureParser.current()C @ 34

Classes redefined (3 events):
Event: 124.647 Thread 0x0000000017787800 redefined class name=Test.AEHGFTest, count=1
Event: 296.971 Thread 0x0000000017787800 redefined class name=Test.AEHGFTest, count=2
Event: 330.474 Thread 0x0000000017787800 redefined class name=Test.AEHGFTest, count=3

Internal exceptions (10 events):
Event: 91.597 Thread 0x0000000002b47800 Exception <a 'java/lang/ArrayIndexOutOfBoundsException': 22> (0x00000000d76f4a30) thrown at [C:\re\workspace\8-2-build-windows-amd64-cygwin\jdk8u181\11358\hotspot\src\share\vm\interpreter\interpreterRuntime.cpp, line 366]
Event: 91.600 Thread 0x0000000002b47800 Exception <a 'java/lang/ArrayIndexOutOfBoundsException': 22> (0x00000000d76f5bc0) thrown at [C:\re\workspace\8-2-build-windows-amd64-cygwin\jdk8u181\11358\hotspot\src\share\vm\interpreter\interpreterRuntime.cpp, line 366]
Event: 91.603 Thread 0x0000000002b47800 Exception <a 'java/lang/ArrayIndexOutOfBoundsException': 36> (0x00000000d76f6e78) thrown at [C:\re\workspace\8-2-build-windows-amd64-cygwin\jdk8u181\11358\hotspot\src\share\vm\interpreter\interpreterRuntime.cpp, line 366]
Event: 91.605 Thread 0x0000000002b47800 Exception <a 'java/lang/ArrayIndexOutOfBoundsException': 6> (0x00000000d76f83e0) thrown at [C:\re\workspace\8-2-build-windows-amd64-cygwin\jdk8u181\11358\hotspot\src\share\vm\interpreter\interpreterRuntime.cpp, line 366]
Event: 91.610 Thread 0x0000000002b47800 Exception <a 'java/lang/ArrayIndexOutOfBoundsException': 23> (0x00000000d76fa908) thrown at [C:\re\workspace\8-2-build-windows-amd64-cygwin\jdk8u181\11358\hotspot\src\share\vm\interpreter\interpreterRuntime.cpp, line 366]
Event: 91.613 Thread 0x0000000002b47800 Exception <a 'java/lang/ArrayIndexOutOfBoundsException': 67> (0x00000000d76fc0b8) thrown at [C:\re\workspace\8-2-build-windows-amd64-cygwin\jdk8u181\11358\hotspot\src\share\vm\interpreter\interpreterRuntime.cpp, line 366]
Event: 91.621 Thread 0x0000000002b47800 Exception <a 'java/lang/ArrayIndexOutOfBoundsException': 59> (0x00000000d77005e8) thrown at [C:\re\workspace\8-2-build-windows-amd64-cygwin\jdk8u181\11358\hotspot\src\share\vm\interpreter\interpreterRuntime.cpp, line 366]
Event: 91.626 Thread 0x0000000002b47800 Exception <a 'java/lang/ArrayIndexOutOfBoundsException': 121> (0x00000000d77020e0) thrown at [C:\re\workspace\8-2-build-windows-amd64-cygwin\jdk8u181\11358\hotspot\src\share\vm\interpreter\interpreterRuntime.cpp, line 366]
Event: 91.630 Thread 0x0000000002b47800 Exception <a 'java/lang/ArrayIndexOutOfBoundsException': 56> (0x00000000d7703ce8) thrown at [C:\re\workspace\8-2-build-windows-amd64-cygwin\jdk8u181\11358\hotspot\src\share\vm\interpreter\interpreterRuntime.cpp, line 366]
Event: 91.633 Thread 0x0000000002b47800 Exception <a 'java/lang/ArrayIndexOutOfBoundsException': 5> (0x00000000d7706538) thrown at [C:\re\workspace\8-2-build-windows-amd64-cygwin\jdk8u181\11358\hotspot\src\share\vm\interpreter\interpreterRuntime.cpp, line 366]

Events (10 events):
Event: 330.765 Executing VM operation: GetOrSetLocal done
Event: 330.777 Executing VM operation: GetOrSetLocal
Event: 330.777 Executing VM operation: GetOrSetLocal done
Event: 330.800 Executing VM operation: GetOrSetLocal
Event: 330.800 Executing VM operation: GetOrSetLocal done
Event: 330.814 Executing VM operation: GetOrSetLocal
Event: 330.815 Executing VM operation: GetOrSetLocal done
Event: 330.815 Executing VM operation: GetOrSetLocal
Event: 330.815 Executing VM operation: GetOrSetLocal done
Event: 330.816 Executing VM operation: GetOrSetLocal


Dynamic libraries:
0x00007ff7b7630000 - 0x00007ff7b7667000 	C:\Program Files\Java\jdk1.8.0_181\bin\java.exe
0x00007ffc86f40000 - 0x00007ffc87130000 	C:\WINDOWS\SYSTEM32\ntdll.dll
0x00007ffc851e0000 - 0x00007ffc85292000 	C:\WINDOWS\System32\KERNEL32.DLL
0x00007ffc84d40000 - 0x00007ffc84fe4000 	C:\WINDOWS\System32\KERNELBASE.dll
0x00007ffc86790000 - 0x00007ffc86833000 	C:\WINDOWS\System32\ADVAPI32.dll
0x00007ffc85d90000 - 0x00007ffc85e2e000 	C:\WINDOWS\System32\msvcrt.dll
0x00007ffc85000000 - 0x00007ffc85097000 	C:\WINDOWS\System32\sechost.dll
0x00007ffc85e30000 - 0x00007ffc85f50000 	C:\WINDOWS\System32\RPCRT4.dll
0x00007ffc85410000 - 0x00007ffc855a4000 	C:\WINDOWS\System32\USER32.dll
0x00007ffc842a0000 - 0x00007ffc842c1000 	C:\WINDOWS\System32\win32u.dll
0x00007ffc85330000 - 0x00007ffc85356000 	C:\WINDOWS\System32\GDI32.dll
0x00007ffc83f30000 - 0x00007ffc840c4000 	C:\WINDOWS\System32\gdi32full.dll
0x00007ffc84b50000 - 0x00007ffc84bee000 	C:\WINDOWS\System32\msvcp_win.dll
0x00007ffc842d0000 - 0x00007ffc843ca000 	C:\WINDOWS\System32\ucrtbase.dll
0x00007ffc6e670000 - 0x00007ffc6e8f4000 	C:\WINDOWS\WinSxS\amd64_microsoft.windows.common-controls_6595b64144ccf1df_6.0.18362.836_none_e6c4b943130f18ed\COMCTL32.dll
0x00007ffc86ae0000 - 0x00007ffc86e16000 	C:\WINDOWS\System32\combase.dll
0x00007ffc84220000 - 0x00007ffc842a0000 	C:\WINDOWS\System32\bcryptPrimitives.dll
0x00007ffc852a0000 - 0x00007ffc852ce000 	C:\WINDOWS\System32\IMM32.DLL
0x0000000051570000 - 0x0000000051642000 	C:\Program Files\Java\jdk1.8.0_181\jre\bin\msvcr100.dll
0x0000000050cc0000 - 0x0000000051562000 	C:\Program Files\Java\jdk1.8.0_181\jre\bin\server\jvm.dll
0x00007ffc85d80000 - 0x00007ffc85d88000 	C:\WINDOWS\System32\PSAPI.DLL
0x00007ffc78380000 - 0x00007ffc783a4000 	C:\WINDOWS\SYSTEM32\WINMM.dll
0x00007ffc6e2d0000 - 0x00007ffc6e2d9000 	C:\WINDOWS\SYSTEM32\WSOCK32.dll
0x00007ffc7c2b0000 - 0x00007ffc7c2ba000 	C:\WINDOWS\SYSTEM32\VERSION.dll
0x00007ffc85bd0000 - 0x00007ffc85c3f000 	C:\WINDOWS\System32\WS2_32.dll
0x00007ffc78350000 - 0x00007ffc7837d000 	C:\WINDOWS\SYSTEM32\WINMMBASE.dll
0x00007ffc84cf0000 - 0x00007ffc84d3a000 	C:\WINDOWS\System32\cfgmgr32.dll
0x0000000051fa0000 - 0x0000000051faf000 	C:\Program Files\Java\jdk1.8.0_181\jre\bin\verify.dll
0x0000000050c90000 - 0x0000000050cb9000 	C:\Program Files\Java\jdk1.8.0_181\jre\bin\java.dll
0x0000000050c30000 - 0x0000000050c65000 	C:\Program Files\Java\jdk1.8.0_181\jre\bin\jdwp.dll
0x0000000051f90000 - 0x0000000051f98000 	C:\Program Files\Java\jdk1.8.0_181\jre\bin\npt.dll
0x0000000050c00000 - 0x0000000050c23000 	C:\Program Files\Java\jdk1.8.0_181\jre\bin\instrument.dll
0x0000000050c70000 - 0x0000000050c86000 	C:\Program Files\Java\jdk1.8.0_181\jre\bin\zip.dll
0x00007ffc86020000 - 0x00007ffc86704000 	C:\WINDOWS\System32\SHELL32.dll
0x00007ffc85360000 - 0x00007ffc85409000 	C:\WINDOWS\System32\shcore.dll
0x00007ffc843d0000 - 0x00007ffc84b4e000 	C:\WINDOWS\System32\windows.storage.dll
0x00007ffc83e30000 - 0x00007ffc83e53000 	C:\WINDOWS\System32\profapi.dll
0x00007ffc83e60000 - 0x00007ffc83eaa000 	C:\WINDOWS\System32\powrprof.dll
0x00007ffc83e00000 - 0x00007ffc83e10000 	C:\WINDOWS\System32\UMPDC.dll
0x00007ffc852d0000 - 0x00007ffc85322000 	C:\WINDOWS\System32\shlwapi.dll
0x00007ffc83eb0000 - 0x00007ffc83ec1000 	C:\WINDOWS\System32\kernel.appcore.dll
0x00007ffc84cd0000 - 0x00007ffc84ce7000 	C:\WINDOWS\System32\cryptsp.dll
0x0000000050bf0000 - 0x0000000050bf9000 	C:\Program Files\Java\jdk1.8.0_181\jre\bin\dt_socket.dll
0x00007ffc83610000 - 0x00007ffc83677000 	C:\WINDOWS\system32\mswsock.dll

VM Arguments:
jvm_args: -agentlib:jdwp=transport=dt_socket,address=127.0.0.1:60706,suspend=y,server=n -ea -Didea.test.cyclic.buffer.size=1048576 -javaagent:C:\Users\surface\.IdeaIC2018.2\system\groovyHotSwap\gragent.jar -javaagent:C:\Users\surface\.IdeaIC2018.2\system\captureAgent\debugger-agent.jar=file:/C:/Users/surface/AppData/Local/Temp/capture.props -Dfile.encoding=UTF-8 
java_command: com.intellij.rt.execution.junit.JUnitStarter -ideVersion5 -junit4 Test.AEHGFTest,testFindTopLevel
java_class_path (initial): C:\Program Files\JetBrains\IntelliJ IDEA Community Edition 2018.2.3\lib\idea_rt.jar;C:\Program Files\JetBrains\IntelliJ IDEA Community Edition 2018.2.3\plugins\junit\lib\junit-rt.jar;C:\Program Files\JetBrains\IntelliJ IDEA Community Edition 2018.2.3\plugins\junit\lib\junit5-rt.jar;C:\Program Files\Java\jdk1.8.0_181\jre\lib\charsets.jar;C:\Program Files\Java\jdk1.8.0_181\jre\lib\deploy.jar;C:\Program Files\Java\jdk1.8.0_181\jre\lib\ext\access-bridge-64.jar;C:\Program Files\Java\jdk1.8.0_181\jre\lib\ext\cldrdata.jar;C:\Program Files\Java\jdk1.8.0_181\jre\lib\ext\dnsns.jar;C:\Program Files\Java\jdk1.8.0_181\jre\lib\ext\jaccess.jar;C:\Program Files\Java\jdk1.8.0_181\jre\lib\ext\jfxrt.jar;C:\Program Files\Java\jdk1.8.0_181\jre\lib\ext\localedata.jar;C:\Program Files\Java\jdk1.8.0_181\jre\lib\ext\nashorn.jar;C:\Program Files\Java\jdk1.8.0_181\jre\lib\ext\sunec.jar;C:\Program Files\Java\jdk1.8.0_181\jre\lib\ext\sunjce_provider.jar;C:\Program Files\Java\jdk1.8.0_181\jre\lib\ext\sunmscapi.jar;C:\Program Files\Java\jdk1.8.0_181\jre\lib\ext\sunpkcs11.jar;C:\Program Files\Java\jdk1.8.0_181\jre\lib\ext\zipfs.jar;C:\Program Files\Java\jdk1.8.0_181\jre\lib\javaws.jar;C:\Program Files\Java\jdk1.8.0_181\jre\lib\jce.jar;C:\Program Files\Java\jdk1.8.0_181\jre\lib\jfr.jar;C:\Program Files\Java\jdk1.8.0_181\jre\lib\jfxswt.jar;C:\Program Files\Java\jdk1.8.0_181\jre\lib\jsse.jar;C:\Program Files\Java\jdk1.8.0_181\jre\lib\management-agent.jar;C:\Program Files\Java\jdk1.8.0_181\jre\lib\plugin.jar;C:\Program Files\Java\jdk1.8.0_181\jre\lib\resources.jar;C:\Program Files\Java\jdk1.8.0_181\jre\lib\rt.jar;C:\Users\surface\Desktop\GraphMatirx\output\production\GraphMatirx;C:\Users\surface\.m2\repository\org\junit\jupiter\junit-jupiter-api\5.7.0-M1\junit-jupiter-api-5.7.0-M1.jar;C:\Users\surface\.m2\repository\org\apiguardian\apiguardian-api\1.1.0\apiguardian-api-1.1.0.jar;C:\Users\surface\.m2\repository\org\opentest4j\opentest4j\1.2.0\opentest4j-1.2.0.jar;C:\Users\surf
Launcher Type: SUN_STANDARD

Environment Variables:
JAVA_HOME=C:\Program Files\Java\jdk1.8.0_181
PATH=C:\Program Files (x86)\Common Files\Oracle\Java\javapath;C:\WINDOWS\system32;C:\WINDOWS;C:\WINDOWS\System32\Wbem;C:\WINDOWS\System32\WindowsPowerShell\v1.0\;C:\WINDOWS\System32\OpenSSH\;C:\Program Files\Git\cmd;jdk1.8.0_181\bin;C:\Program Files\dotnet\;C:\Program Files (x86)\IncrediBuild;C:\Program Files\Java\jdk1.8.0_181\bin;C:\Program Files\Java\jre1.8.0_181\bin;C:\apache-maven-3.6.1\bin;C:\Users\surface\AppData\Local\Programs\Python\Python38-32\Scripts\;C:\Users\surface\AppData\Local\Programs\Python\Python38-32\;C:\Program Files (x86)\mingw-w64\i686-8.1.0-posix-dwarf-rt_v6-rev0\mingw32\bin;C:\Users\surface\AppData\Local\Microsoft\WindowsApps;C:\ProgramData\surface\atom\bin;C:\Users\surface\AppData\Local\atom\bin;;C:\Users\surface\AppData\Local\Microsoft\WindowsApps;C:\Users\surface\AppData\Local\Programs\Fiddler
USERNAME=surface
OS=Windows_NT
PROCESSOR_IDENTIFIER=Intel64 Family 6 Model 142 Stepping 9, GenuineIntel



---------------  S Y S T E M  ---------------

OS: Windows 10.0 , 64 bit Build 18362 (10.0.18362.778)

CPU:total 4 (initial active 4) (2 cores per cpu, 2 threads per core) family 6 model 142 stepping 9, cmov, cx8, fxsr, mmx, sse, sse2, sse3, ssse3, sse4.1, sse4.2, popcnt, avx, avx2, aes, clmul, erms, rtm, 3dnowpref, lzcnt, ht, tsc, tscinvbit, bmi1, bmi2, adx

Memory: 4k page, physical 8311928k(3259520k free), swap 11457656k(3528084k free)

vm_info: Java HotSpot(TM) 64-Bit Server VM (25.181-b13) for windows-amd64 JRE (1.8.0_181-b13), built on Jul  7 2018 04:01:33 by "java_re" with MS VC++ 10.0 (VS2010)

time: Tue Jun 02 20:22:17 2020
elapsed time: 330 seconds (0d 0h 5m 30s)

